wallet/build/outputs/mapping/release/seeds.txt
com.kabberry.wallet.AddressBookProvider
com.kabberry.wallet.AddressBookProvider: AddressBookProvider()
com.kabberry.wallet.ExchangeHistoryProvider
com.kabberry.wallet.ExchangeHistoryProvider: ExchangeHistoryProvider()
com.kabberry.wallet.ExchangeRatesProvider
com.kabberry.wallet.ExchangeRatesProvider: ExchangeRatesProvider()
com.kabberry.wallet.R$anim: int abc_fade_in
com.kabberry.wallet.R$anim: int abc_fade_out
com.kabberry.wallet.R$anim: int abc_grow_fade_in_from_bottom
com.kabberry.wallet.R$anim: int abc_popup_enter
com.kabberry.wallet.R$anim: int abc_popup_exit
com.kabberry.wallet.R$anim: int abc_shrink_fade_out_from_bottom
com.kabberry.wallet.R$anim: int abc_slide_in_bottom
com.kabberry.wallet.R$anim: int abc_slide_in_top
com.kabberry.wallet.R$anim: int abc_slide_out_bottom
com.kabberry.wallet.R$anim: int abc_slide_out_top
com.kabberry.wallet.R$anim: int design_bottom_sheet_slide_in
com.kabberry.wallet.R$anim: int design_bottom_sheet_slide_out
com.kabberry.wallet.R$anim: int design_fab_in
com.kabberry.wallet.R$anim: int design_fab_out
com.kabberry.wallet.R$anim: int design_snackbar_in
com.kabberry.wallet.R$anim: int design_snackbar_out
com.kabberry.wallet.R$anim: int fade_in
com.kabberry.wallet.R$anim: int fade_out
com.kabberry.wallet.R$anim: int rotate
com.kabberry.wallet.R$anim: int scale_old_tv
com.kabberry.wallet.R$animator: int design_appbar_state_list_animator
com.kabberry.wallet.R$animator: int scale_with_alpha
com.kabberry.wallet.R$attr: int actionBarDivider
com.kabberry.wallet.R$attr: int actionBarItemBackground
com.kabberry.wallet.R$attr: int actionBarPopupTheme
com.kabberry.wallet.R$attr: int actionBarSize
com.kabberry.wallet.R$attr: int actionBarSplitStyle
com.kabberry.wallet.R$attr: int actionBarStyle
com.kabberry.wallet.R$attr: int actionBarTabBarStyle
com.kabberry.wallet.R$attr: int actionBarTabStyle
com.kabberry.wallet.R$attr: int actionBarTabTextStyle
com.kabberry.wallet.R$attr: int actionBarTheme
com.kabberry.wallet.R$attr: int actionBarWidgetTheme
com.kabberry.wallet.R$attr: int actionButtonStyle
com.kabberry.wallet.R$attr: int actionDropDownStyle
com.kabberry.wallet.R$attr: int actionLayout
com.kabberry.wallet.R$attr: int actionMenuTextAppearance
com.kabberry.wallet.R$attr: int actionMenuTextColor
com.kabberry.wallet.R$attr: int actionModeBackground
com.kabberry.wallet.R$attr: int actionModeCloseButtonStyle
com.kabberry.wallet.R$attr: int actionModeCloseDrawable
com.kabberry.wallet.R$attr: int actionModeCopyDrawable
com.kabberry.wallet.R$attr: int actionModeCutDrawable
com.kabberry.wallet.R$attr: int actionModeFindDrawable
com.kabberry.wallet.R$attr: int actionModePasteDrawable
com.kabberry.wallet.R$attr: int actionModePopupWindowStyle
com.kabberry.wallet.R$attr: int actionModeSelectAllDrawable
com.kabberry.wallet.R$attr: int actionModeShareDrawable
com.kabberry.wallet.R$attr: int actionModeSplitBackground
com.kabberry.wallet.R$attr: int actionModeStyle
com.kabberry.wallet.R$bool: int abc_action_bar_embed_tabs
com.kabberry.wallet.R$bool: int abc_allow_stacked_button_bar
com.kabberry.wallet.R$bool: int abc_config_actionMenuItemAllCaps
com.kabberry.wallet.R$bool: int abc_config_closeDialogWhenTouchOutside
com.kabberry.wallet.R$bool: int abc_config_showMenuShortcutsWhenKeyboardPresent
...
android.support.v4.app.ServiceCompatApi24
android.support.v4.app.ServiceCompatApi24: ServiceCompatApi24()
android.support.v4.app.ServiceCompatApi24: void stopForeground(android.app.Service,int)
android.support.v4.app.ShareCompat
android.support.v4.app.ShareCompat: java.lang.String EXTRA_CALLING_PACKAGE
android.support.v4.app.ShareCompat: java.lang.String EXTRA_CALLING_ACTIVITY
android.support.v4.app.ShareCompat: android.support.v4.app.ShareCompat$ShareCompatImpl IMPL
android.support.v4.app.ShareCompat: ShareCompat()
android.support.v4.app.ShareCompat: java.lang.String getCallingPackage(android.app.Activity)
android.support.v4.app.ShareCompat: android.content.ComponentName getCallingActivity(android.app.Activity)
android.support.v4.app.ShareCompat: void configureMenuItem(android.view.MenuItem,android.support.v4.app.ShareCompat$IntentBuilder)
android.support.v4.app.ShareCompat: void configureMenuItem(android.view.Menu,int,android.support.v4.app.ShareCompat$IntentBuilder)
android.support.v4.app.ShareCompat: void <clinit>()
android.support.v4.app.ShareCompat$IntentBuilder
android.support.v4.app.ShareCompat$IntentBuilder: android.app.Activity mActivity
android.support.v4.app.ShareCompat$IntentBuilder: android.content.Intent mIntent
android.support.v4.app.ShareCompat$IntentBuilder: java.lang.CharSequence mChooserTitle
android.support.v4.app.ShareCompat$IntentBuilder: java.util.ArrayList mToAddresses
android.support.v4.app.ShareCompat$IntentBuilder: java.util.ArrayList mCcAddresses
android.support.v4.app.ShareCompat$IntentBuilder: java.util.ArrayList mBccAddresses
android.support.v4.app.ShareCompat$IntentBuilder: java.util.ArrayList mStreams
android.support.v4.app.ShareCompat$IntentBuilder: android.support.v4.app.ShareCompat$IntentBuilder from(android.app.Activity)
android.support.v4.app.ShareCompat$IntentBuilder: ShareCompat$IntentBuilder(android.app.Activity)
android.support.v4.app.ShareCompat$IntentBuilder: android.content.Intent getIntent()
android.support.v4.app.ShareCompat$IntentBuilder: android.app.Activity getActivity()
android.support.v4.app.ShareCompat$IntentBuilder: void combineArrayExtra(java.lang.String,java.util.ArrayList)
android.support.v4.app.ShareCompat$IntentBuilder: void combineArrayExtra(java.lang.String,java.lang.String[])
android.support.v4.app.ShareCompat$IntentBuilder: android.content.Intent createChooserIntent()
android.support.v4.app.ShareCompat$IntentBuilder: void startChooser()
android.support.v4.app.ShareCompat$IntentReader
android.support.v4.app.ShareCompat$IntentReader: java.lang.String TAG
android.support.v4.app.ShareCompat$IntentReader: android.app.Activity mActivity
android.support.v4.app.ShareCompat$IntentReader: android.content.Intent mIntent
android.support.v4.app.ShareCompat$IntentReader: java.lang.String mCallingPackage
android.support.v4.app.ShareCompat$IntentReader: android.content.ComponentName mCallingActivity
android.support.v4.app.ShareCompat$IntentReader: java.util.ArrayList mStreams
android.support.v4.app.ShareCompat$IntentReader: android.support.v4.app.ShareCompat$IntentReader from(android.app.Activity)
android.support.v4.app.ShareCompat$IntentReader: ShareCompat$IntentReader(android.app.Activity)
android.support.v4.app.ShareCompat$IntentReader: boolean isShareIntent()
android.support.v4.app.ShareCompat$IntentReader: boolean isSingleShare()
android.support.v4.app.ShareCompat$IntentReader: boolean isMultipleShare()
android.support.v4.app.ShareCompat$IntentReader: java.lang.String getType()
android.support.v4.app.ShareCompat$IntentReader: java.lang.CharSequence getText()
android.support.v4.app.ShareCompat$IntentReader: java.lang.String getHtmlText()
android.support.v4.app.ShareCompat$IntentReader: android.net.Uri getStream()
android.support.v4.app.ShareCompat$IntentReader: android.net.Uri getStream(int)
android.support.v4.app.ShareCompat$IntentReader: int getStreamCount()