wallet/build/outputs/mapping/release/usage.txt
com.kabberry.wallet.AddressBookProvider:
    private static final java.lang.String DATABASE_TABLE
    public static final java.lang.String KEY_ROWID
    public static final java.lang.String KEY_COIN_ID
    public static final java.lang.String KEY_ADDRESS
    public static final java.lang.String KEY_LABEL
    public static final java.lang.String SELECTION_QUERY
    public static final java.lang.String SELECTION_IN
    public static final java.lang.String SELECTION_NOTIN
com.kabberry.wallet.AddressBookProvider$Helper:
    private static final java.lang.String DATABASE_NAME
    private static final int DATABASE_VERSION
    private static final java.lang.String DATABASE_CREATE
com.kabberry.wallet.BuildConfig
com.kabberry.wallet.Configuration:
    private static final java.lang.String PREFS_KEY_LAST_VERSION
    private static final java.lang.String PREFS_KEY_LAST_USED
    private static final java.lang.String PREFS_KEY_LAST_POCKET
    private static final java.lang.String PREFS_KEY_LAST_ACCOUNT
    public static final java.lang.String PREFS_KEY_BTC_PRECISION
    public static final java.lang.String PREFS_KEY_CONNECTIVITY_NOTIFICATION
    public static final java.lang.String PREFS_KEY_EXCHANGE_CURRENCY
    public static final java.lang.String PREFS_KEY_FEES
    public static final java.lang.String PREFS_KEY_DISCLAIMER
    public static final java.lang.String PREFS_KEY_SELECTED_ADDRESS
    private static final java.lang.String PREFS_KEY_LABS_QR_PAYMENT_REQUEST
    private static final java.lang.String PREFS_KEY_CACHED_EXCHANGE_LOCAL_CURRENCY
    private static final java.lang.String PREFS_KEY_CACHED_EXCHANGE_RATES_JSON
    private static final java.lang.String PREFS_KEY_LAST_EXCHANGE_DIRECTION
    private static final java.lang.String PREFS_KEY_CHANGE_LOG_VERSION
    public static final java.lang.String PREFS_KEY_REMIND_BACKUP
    public static final java.lang.String PREFS_KEY_MANUAL_RECEIVING_ADDRESSES
    public static final java.lang.String PREFS_KEY_DEVICE_COMPATIBLE
    public static final java.lang.String PREFS_KEY_TERMS_ACCEPTED
    private static final int PREFS_DEFAULT_BTC_SHIFT
    private static final int PREFS_DEFAULT_BTC_PRECISION
com.kabberry.wallet.Constants:
    public static final java.lang.String ARG_ACCOUNT_ID
    public static final java.lang.String ARG_SEND_TO_ACCOUNT_ID
    public static final java.lang.String TX_CACHE_NAME
    public static final long WALLET_WRITE_DELAY
    public static final long STOP_SERVICE_AFTER_IDLE_SECS
    public static final int NETWORK_TIMEOUT_MS
    public static final long RATE_UPDATE_FREQ_MS
    public static final java.lang.String DEFAULT_EXCHANGE_CURRENCY
    public static final java.lang.String VERSION_URL
    16:16:public Constants()
com.kabberry.wallet.ExchangeRatesProvider:
    public static final java.lang.String KEY_CURRENCY_ID
    private static final java.lang.String KEY_RATE_COIN
    private static final java.lang.String KEY_RATE_FIAT
    private static final java.lang.String KEY_RATE_COIN_CODE
    private static final java.lang.String KEY_RATE_FIAT_CODE
    private static final java.lang.String KEY_SOURCE
    private static final java.lang.String QUERY_PARAM_OFFLINE
    private static final java.lang.String BASE_URL
    private static final java.lang.String TO_CRYPTO_URL
    private static final java.lang.String TO_LOCAL_URL
com.kabberry.wallet.R:
    10:10:public R()
com.kabberry.wallet.R$anim
com.kabberry.wallet.R$animator
com.kabberry.wallet.R$attr
com.kabberry.wallet.R$bool
com.kabberry.wallet.R$color
com.kabberry.wallet.R$dimen
com.kabberry.wallet.R$drawable
com.kabberry.wallet.R$id
com.kabberry.wallet.R$integer
com.kabberry.wallet.R$layout
com.kabberry.wallet.R$menu
com.kabberry.wallet.R$plurals
com.kabberry.wallet.R$raw
com.kabberry.wallet.R$string
com.kabberry.wallet.R$style
com.kabberry.wallet.R$styleable:
    5205:5205:public R$styleable()
com.kabberry.wallet.R$xml
...
org.bitcoinj.protocols.channels.ClientState$StoredClientPaymentChannels$1
org.bitcoinj.protocols.channels.ClientState$StoredClientPaymentChannels$Builder
org.bitcoinj.protocols.channels.ClientState$StoredClientPaymentChannelsOrBuilder
org.bitcoinj.protocols.channels.IPaymentChannelClient
org.bitcoinj.protocols.channels.IPaymentChannelClient$ClientConnection
org.bitcoinj.protocols.channels.IPaymentChannelClient$Factory
org.bitcoinj.protocols.channels.PaymentChannelClient
org.bitcoinj.protocols.channels.PaymentChannelClient$1
org.bitcoinj.protocols.channels.PaymentChannelClient$2
org.bitcoinj.protocols.channels.PaymentChannelClient$InitStep
org.bitcoinj.protocols.channels.PaymentChannelClientConnection
org.bitcoinj.protocols.channels.PaymentChannelClientConnection$1
org.bitcoinj.protocols.channels.PaymentChannelClientConnection$2
org.bitcoinj.protocols.channels.PaymentChannelClientState
org.bitcoinj.protocols.channels.PaymentChannelClientState$1
org.bitcoinj.protocols.channels.PaymentChannelClientState$2
org.bitcoinj.protocols.channels.PaymentChannelClientState$IncrementedPayment
org.bitcoinj.protocols.channels.PaymentChannelClientState$State
org.bitcoinj.protocols.channels.PaymentChannelCloseException
org.bitcoinj.protocols.channels.PaymentChannelCloseException$CloseReason
org.bitcoinj.protocols.channels.PaymentChannelServer
org.bitcoinj.protocols.channels.PaymentChannelServer$1
org.bitcoinj.protocols.channels.PaymentChannelServer$2
org.bitcoinj.protocols.channels.PaymentChannelServer$3
org.bitcoinj.protocols.channels.PaymentChannelServer$4
org.bitcoinj.protocols.channels.PaymentChannelServer$InitStep
org.bitcoinj.protocols.channels.PaymentChannelServer$ServerConnection
org.bitcoinj.protocols.channels.PaymentChannelServerListener
org.bitcoinj.protocols.channels.PaymentChannelServerListener$1
org.bitcoinj.protocols.channels.PaymentChannelServerListener$HandlerFactory
org.bitcoinj.protocols.channels.PaymentChannelServerListener$ServerHandler
org.bitcoinj.protocols.channels.PaymentChannelServerListener$ServerHandler$1
org.bitcoinj.protocols.channels.PaymentChannelServerListener$ServerHandler$2
org.bitcoinj.protocols.channels.PaymentChannelServerState
org.bitcoinj.protocols.channels.PaymentChannelServerState$1
org.bitcoinj.protocols.channels.PaymentChannelServerState$2
org.bitcoinj.protocols.channels.PaymentChannelServerState$State
org.bitcoinj.protocols.channels.PaymentIncrementAck
org.bitcoinj.protocols.channels.ServerConnectionEventHandler
org.bitcoinj.protocols.channels.ServerState
org.bitcoinj.protocols.channels.ServerState$1
org.bitcoinj.protocols.channels.ServerState$StoredServerPaymentChannel
org.bitcoinj.protocols.channels.ServerState$StoredServerPaymentChannel$1
org.bitcoinj.protocols.channels.ServerState$StoredServerPaymentChannel$Builder
org.bitcoinj.protocols.channels.ServerState$StoredServerPaymentChannelOrBuilder
org.bitcoinj.protocols.channels.ServerState$StoredServerPaymentChannels
org.bitcoinj.protocols.channels.ServerState$StoredServerPaymentChannels$1
org.bitcoinj.protocols.channels.ServerState$StoredServerPaymentChannels$Builder
org.bitcoinj.protocols.channels.ServerState$StoredServerPaymentChannelsOrBuilder
org.bitcoinj.protocols.channels.StoredClientChannel
org.bitcoinj.protocols.channels.StoredPaymentChannelClientStates
org.bitcoinj.protocols.channels.StoredPaymentChannelClientStates$1
org.bitcoinj.protocols.channels.StoredPaymentChannelServerStates
org.bitcoinj.protocols.channels.StoredPaymentChannelServerStates$1
org.bitcoinj.protocols.channels.StoredServerChannel
org.bitcoinj.protocols.channels.ValueOutOfRangeException
org.bitcoinj.protocols.payments.PaymentProtocol
org.bitcoinj.protocols.payments.PaymentProtocol$1
org.bitcoinj.protocols.payments.PaymentProtocol$Ack
org.bitcoinj.protocols.payments.PaymentProtocol$Output
org.bitcoinj.protocols.payments.PaymentProtocol$PkiVerificationData
org.bitcoinj.protocols.payments.PaymentProtocolException